Simulator report for Bai_3
Tue Nov 01 08:54:03 2022
Quartus II 64-Bit Version 13.0.1 Build 232 06/12/2013 Service Pack 1 SJ Web Edition


---------------------
; Table of Contents ;
---------------------
  1. Legal Notice
  2. Simulator Summary
  3. Simulator Settings
  4. Simulation Waveforms
  5. Coverage Summary
  6. Complete 1/0-Value Coverage
  7. Missing 1-Value Coverage
  8. Missing 0-Value Coverage
  9. Simulator INI Usage
 10. Simulator Messages



----------------
; Legal Notice ;
----------------
Copyright (C) 1991-2013 Altera Corporation
Your use of Altera Corporation's design tools, logic functions 
and other software and tools, and its AMPP partner logic 
functions, and any output files from any of the foregoing 
(including device programming or simulation files), and any 
associated documentation or information are expressly subject 
to the terms and conditions of the Altera Program License 
Subscription Agreement, Altera MegaCore Function License 
Agreement, or other applicable license agreement, including, 
without limitation, that your use is for the sole purpose of 
programming logic devices manufactured by Altera and sold by 
Altera or its authorized distributors.  Please refer to the 
applicable agreement for further details.



+--------------------------------------------+
; Simulator Summary                          ;
+-----------------------------+--------------+
; Type                        ; Value        ;
+-----------------------------+--------------+
; Simulation Start Time       ; 0 ps         ;
; Simulation End Time         ; 100.0 us     ;
; Simulation Netlist Size     ; 412 nodes    ;
; Simulation Coverage         ;      71.71 % ;
; Total Number of Transitions ; 126805       ;
; Simulation Breakpoints      ; 0            ;
; Family                      ; Cyclone II   ;
+-----------------------------+--------------+


+----------------------------------------------------------------------------------------------------------------------------------------------------------------+
; Simulator Settings                                                                                                                                             ;
+--------------------------------------------------------------------------------------------+---------------------------------------------------+---------------+
; Option                                                                                     ; Setting                                           ; Default Value ;
+--------------------------------------------------------------------------------------------+---------------------------------------------------+---------------+
; Simulation mode                                                                            ; Functional                                        ; Timing        ;
; Start time                                                                                 ; 0 ns                                              ; 0 ns          ;
; Simulation results format                                                                  ; VWF                                               ;               ;
; Vector input source                                                                        ; D:/Project_HTDK_Nhung/Bai_3_Chuong_3/Waveform.vwf ;               ;
; Add pins automatically to simulation output waveforms                                      ; On                                                ; On            ;
; Check outputs                                                                              ; Off                                               ; Off           ;
; Report simulation coverage                                                                 ; On                                                ; On            ;
; Display complete 1/0 value coverage report                                                 ; On                                                ; On            ;
; Display missing 1-value coverage report                                                    ; On                                                ; On            ;
; Display missing 0-value coverage report                                                    ; On                                                ; On            ;
; Detect setup and hold time violations                                                      ; Off                                               ; Off           ;
; Detect glitches                                                                            ; Off                                               ; Off           ;
; Disable timing delays in Timing Simulation                                                 ; Off                                               ; Off           ;
; Generate Signal Activity File                                                              ; Off                                               ; Off           ;
; Generate VCD File for PowerPlay Power Analyzer                                             ; Off                                               ; Off           ;
; Group bus channels in simulation results                                                   ; Off                                               ; Off           ;
; Preserve fewer signal transitions to reduce memory requirements                            ; On                                                ; On            ;
; Trigger vector comparison with the specified mode                                          ; INPUT_EDGE                                        ; INPUT_EDGE    ;
; Disable setup and hold time violations detection in input registers of bi-directional pins ; Off                                               ; Off           ;
; Overwrite Waveform Inputs With Simulation Outputs                                          ; Off                                               ;               ;
; Perform Glitch Filtering in Timing Simulation                                              ; Auto                                              ; Auto          ;
+--------------------------------------------------------------------------------------------+---------------------------------------------------+---------------+


+----------------------+
; Simulation Waveforms ;
+----------------------+
Waveform report data cannot be output to ASCII.
Please use Quartus II 64-Bit to view the waveform report data.


+--------------------------------------------------------------------+
; Coverage Summary                                                   ;
+-----------------------------------------------------+--------------+
; Type                                                ; Value        ;
+-----------------------------------------------------+--------------+
; Total coverage as a percentage                      ;      71.71 % ;
; Total nodes checked                                 ; 412          ;
; Total output ports checked                          ; 410          ;
; Total output ports with complete 1/0-value coverage ; 294          ;
; Total output ports with no 1/0-value coverage       ; 112          ;
; Total output ports with no 1-value coverage         ; 115          ;
; Total output ports with no 0-value coverage         ; 113          ;
+-----------------------------------------------------+--------------+


The following table displays output ports that toggle between 1 and 0 during simulation.
+----------------------------------------------------------------------------------------------------------------------------------------------+
; Complete 1/0-Value Coverage                                                                                                                  ;
+-------------------------------------------------------------+-------------------------------------------------------------+------------------+
; Node Name                                                   ; Output Port Name                                            ; Output Port Type ;
+-------------------------------------------------------------+-------------------------------------------------------------+------------------+
; |Bai_3|temp_1~2                                             ; |Bai_3|temp_1~2                                             ; out              ;
; |Bai_3|temp_1~3                                             ; |Bai_3|temp_1~3                                             ; out              ;
; |Bai_3|temp_1~4                                             ; |Bai_3|temp_1~4                                             ; out              ;
; |Bai_3|temp_1~5                                             ; |Bai_3|temp_1~5                                             ; out              ;
; |Bai_3|temp_1~6                                             ; |Bai_3|temp_1~6                                             ; out              ;
; |Bai_3|temp_1~7                                             ; |Bai_3|temp_1~7                                             ; out              ;
; |Bai_3|Nbuff_1[0]                                           ; |Bai_3|Nbuff_1[0]                                           ; regout           ;
; |Bai_3|temp_2~0                                             ; |Bai_3|temp_2~0                                             ; out              ;
; |Bai_3|temp_2~1                                             ; |Bai_3|temp_2~1                                             ; out              ;
; |Bai_3|temp_2~2                                             ; |Bai_3|temp_2~2                                             ; out              ;
; |Bai_3|temp_2~3                                             ; |Bai_3|temp_2~3                                             ; out              ;
; |Bai_3|always2~0                                            ; |Bai_3|always2~0                                            ; out0             ;
; |Bai_3|always2~1                                            ; |Bai_3|always2~1                                            ; out0             ;
; |Bai_3|Nbuff_2[3]                                           ; |Bai_3|Nbuff_2[3]                                           ; regout           ;
; |Bai_3|cnt_1~0                                              ; |Bai_3|cnt_1~0                                              ; out0             ;
; |Bai_3|cnt_1~2                                              ; |Bai_3|cnt_1~2                                              ; out0             ;
; |Bai_3|Nbuff_4~0                                            ; |Bai_3|Nbuff_4~0                                            ; out              ;
; |Bai_3|Nbuff_4~4                                            ; |Bai_3|Nbuff_4~4                                            ; out              ;
; |Bai_3|Nbuff_2[2]                                           ; |Bai_3|Nbuff_2[2]                                           ; regout           ;
; |Bai_3|Nbuff_4~5                                            ; |Bai_3|Nbuff_4~5                                            ; out              ;
; |Bai_3|Nbuff_4~6                                            ; |Bai_3|Nbuff_4~6                                            ; out              ;
; |Bai_3|Nbuff_4~7                                            ; |Bai_3|Nbuff_4~7                                            ; out              ;
; |Bai_3|Nbuff_3~0                                            ; |Bai_3|Nbuff_3~0                                            ; out              ;
; |Bai_3|Nbuff_3~4                                            ; |Bai_3|Nbuff_3~4                                            ; out              ;
; |Bai_3|Nbuff_2[1]                                           ; |Bai_3|Nbuff_2[1]                                           ; regout           ;
; |Bai_3|Nbuff_3~5                                            ; |Bai_3|Nbuff_3~5                                            ; out              ;
; |Bai_3|Nbuff_3~6                                            ; |Bai_3|Nbuff_3~6                                            ; out              ;
; |Bai_3|Nbuff_3~7                                            ; |Bai_3|Nbuff_3~7                                            ; out              ;
; |Bai_3|Nbuff_2~0                                            ; |Bai_3|Nbuff_2~0                                            ; out              ;
; |Bai_3|Nbuff_2~4                                            ; |Bai_3|Nbuff_2~4                                            ; out              ;
; |Bai_3|Nbuff_2[0]                                           ; |Bai_3|Nbuff_2[0]                                           ; regout           ;
; |Bai_3|Nbuff_2~5                                            ; |Bai_3|Nbuff_2~5                                            ; out              ;
; |Bai_3|Nbuff_2~6                                            ; |Bai_3|Nbuff_2~6                                            ; out              ;
; |Bai_3|Nbuff_2~7                                            ; |Bai_3|Nbuff_2~7                                            ; out              ;
; |Bai_3|Nbuff_1~0                                            ; |Bai_3|Nbuff_1~0                                            ; out              ;
; |Bai_3|Nbuff_1~4                                            ; |Bai_3|Nbuff_1~4                                            ; out              ;
; |Bai_3|Nbuff_1[7]                                           ; |Bai_3|Nbuff_1[7]                                           ; regout           ;
; |Bai_3|Nbuff_1~5                                            ; |Bai_3|Nbuff_1~5                                            ; out              ;
; |Bai_3|Nbuff_1~6                                            ; |Bai_3|Nbuff_1~6                                            ; out              ;
; |Bai_3|cnt_1~3                                              ; |Bai_3|cnt_1~3                                              ; out              ;
; |Bai_3|cnt_1~4                                              ; |Bai_3|cnt_1~4                                              ; out              ;
; |Bai_3|cnt_1~5                                              ; |Bai_3|cnt_1~5                                              ; out              ;
; |Bai_3|Nbuff_4~8                                            ; |Bai_3|Nbuff_4~8                                            ; out              ;
; |Bai_3|Nbuff_4~12                                           ; |Bai_3|Nbuff_4~12                                           ; out              ;
; |Bai_3|Nbuff_4~13                                           ; |Bai_3|Nbuff_4~13                                           ; out              ;
; |Bai_3|Nbuff_4~14                                           ; |Bai_3|Nbuff_4~14                                           ; out              ;
; |Bai_3|Nbuff_4~15                                           ; |Bai_3|Nbuff_4~15                                           ; out              ;
; |Bai_3|temp_2[0]                                            ; |Bai_3|temp_2[0]                                            ; regout           ;
; |Bai_3|temp_2[1]                                            ; |Bai_3|temp_2[1]                                            ; regout           ;
; |Bai_3|temp_2[2]                                            ; |Bai_3|temp_2[2]                                            ; regout           ;
; |Bai_3|temp_2[3]                                            ; |Bai_3|temp_2[3]                                            ; regout           ;
; |Bai_3|f_full~0                                             ; |Bai_3|f_full~0                                             ; out              ;
; |Bai_3|Nbuff_3~8                                            ; |Bai_3|Nbuff_3~8                                            ; out              ;
; |Bai_3|Nbuff_3~12                                           ; |Bai_3|Nbuff_3~12                                           ; out              ;
; |Bai_3|Nbuff_3~13                                           ; |Bai_3|Nbuff_3~13                                           ; out              ;
; |Bai_3|Nbuff_3~14                                           ; |Bai_3|Nbuff_3~14                                           ; out              ;
; |Bai_3|Nbuff_3~15                                           ; |Bai_3|Nbuff_3~15                                           ; out              ;
; |Bai_3|temp_1[0]                                            ; |Bai_3|temp_1[0]                                            ; regout           ;
; |Bai_3|temp_1[1]                                            ; |Bai_3|temp_1[1]                                            ; regout           ;
; |Bai_3|temp_1[2]                                            ; |Bai_3|temp_1[2]                                            ; regout           ;
; |Bai_3|temp_1[3]                                            ; |Bai_3|temp_1[3]                                            ; regout           ;
; |Bai_3|temp_1[4]                                            ; |Bai_3|temp_1[4]                                            ; regout           ;
; |Bai_3|temp_1[5]                                            ; |Bai_3|temp_1[5]                                            ; regout           ;
; |Bai_3|Nbuff_2~8                                            ; |Bai_3|Nbuff_2~8                                            ; out              ;
; |Bai_3|Nbuff_2~12                                           ; |Bai_3|Nbuff_2~12                                           ; out              ;
; |Bai_3|Nbuff_2~13                                           ; |Bai_3|Nbuff_2~13                                           ; out              ;
; |Bai_3|Nbuff_2~14                                           ; |Bai_3|Nbuff_2~14                                           ; out              ;
; |Bai_3|Nbuff_2~15                                           ; |Bai_3|Nbuff_2~15                                           ; out              ;
; |Bai_3|Nbuff_1~8                                            ; |Bai_3|Nbuff_1~8                                            ; out              ;
; |Bai_3|Nbuff_1~12                                           ; |Bai_3|Nbuff_1~12                                           ; out              ;
; |Bai_3|Nbuff_1~13                                           ; |Bai_3|Nbuff_1~13                                           ; out              ;
; |Bai_3|Nbuff_1~14                                           ; |Bai_3|Nbuff_1~14                                           ; out              ;
; |Bai_3|Nbuff_1~15                                           ; |Bai_3|Nbuff_1~15                                           ; out              ;
; |Bai_3|always2~2                                            ; |Bai_3|always2~2                                            ; out0             ;
; |Bai_3|data~0                                               ; |Bai_3|data~0                                               ; out              ;
; |Bai_3|data~4                                               ; |Bai_3|data~4                                               ; out              ;
; |Bai_3|data~5                                               ; |Bai_3|data~5                                               ; out              ;
; |Bai_3|data~6                                               ; |Bai_3|data~6                                               ; out              ;
; |Bai_3|data~7                                               ; |Bai_3|data~7                                               ; out              ;
; |Bai_3|Nbuff_1~16                                           ; |Bai_3|Nbuff_1~16                                           ; out              ;
; |Bai_3|Nbuff_1~20                                           ; |Bai_3|Nbuff_1~20                                           ; out              ;
; |Bai_3|Nbuff_1~21                                           ; |Bai_3|Nbuff_1~21                                           ; out              ;
; |Bai_3|Nbuff_1~22                                           ; |Bai_3|Nbuff_1~22                                           ; out              ;
; |Bai_3|Nbuff_1~23                                           ; |Bai_3|Nbuff_1~23                                           ; out              ;
; |Bai_3|Nbuff_2~16                                           ; |Bai_3|Nbuff_2~16                                           ; out              ;
; |Bai_3|Nbuff_2~20                                           ; |Bai_3|Nbuff_2~20                                           ; out              ;
; |Bai_3|Nbuff_2~21                                           ; |Bai_3|Nbuff_2~21                                           ; out              ;
; |Bai_3|Nbuff_2~22                                           ; |Bai_3|Nbuff_2~22                                           ; out              ;
; |Bai_3|Nbuff_2~23                                           ; |Bai_3|Nbuff_2~23                                           ; out              ;
; |Bai_3|Nbuff_3~16                                           ; |Bai_3|Nbuff_3~16                                           ; out              ;
; |Bai_3|Nbuff_3~20                                           ; |Bai_3|Nbuff_3~20                                           ; out              ;
; |Bai_3|Nbuff_3~21                                           ; |Bai_3|Nbuff_3~21                                           ; out              ;
; |Bai_3|Nbuff_3~22                                           ; |Bai_3|Nbuff_3~22                                           ; out              ;
; |Bai_3|Nbuff_3~23                                           ; |Bai_3|Nbuff_3~23                                           ; out              ;
; |Bai_3|cnt_1~6                                              ; |Bai_3|cnt_1~6                                              ; out              ;
; |Bai_3|cnt_1~7                                              ; |Bai_3|cnt_1~7                                              ; out              ;
; |Bai_3|cnt_1~8                                              ; |Bai_3|cnt_1~8                                              ; out              ;
; |Bai_3|data~8                                               ; |Bai_3|data~8                                               ; out              ;
; |Bai_3|data[7]~reg0                                         ; |Bai_3|data[7]~reg0                                         ; regout           ;
; |Bai_3|Nbuff_1~24                                           ; |Bai_3|Nbuff_1~24                                           ; out              ;
; |Bai_3|Nbuff_1~28                                           ; |Bai_3|Nbuff_1~28                                           ; out              ;
; |Bai_3|Nbuff_1~29                                           ; |Bai_3|Nbuff_1~29                                           ; out              ;
; |Bai_3|Nbuff_1~30                                           ; |Bai_3|Nbuff_1~30                                           ; out              ;
; |Bai_3|Nbuff_1~31                                           ; |Bai_3|Nbuff_1~31                                           ; out              ;
; |Bai_3|Nbuff_2~24                                           ; |Bai_3|Nbuff_2~24                                           ; out              ;
; |Bai_3|Nbuff_2~28                                           ; |Bai_3|Nbuff_2~28                                           ; out              ;
; |Bai_3|Nbuff_2~29                                           ; |Bai_3|Nbuff_2~29                                           ; out              ;
; |Bai_3|Nbuff_2~30                                           ; |Bai_3|Nbuff_2~30                                           ; out              ;
; |Bai_3|Nbuff_2~31                                           ; |Bai_3|Nbuff_2~31                                           ; out              ;
; |Bai_3|data[3]~reg0                                         ; |Bai_3|data[3]~reg0                                         ; regout           ;
; |Bai_3|Nbuff_3~24                                           ; |Bai_3|Nbuff_3~24                                           ; out              ;
; |Bai_3|Nbuff_3~28                                           ; |Bai_3|Nbuff_3~28                                           ; out              ;
; |Bai_3|Nbuff_3~29                                           ; |Bai_3|Nbuff_3~29                                           ; out              ;
; |Bai_3|Nbuff_3~30                                           ; |Bai_3|Nbuff_3~30                                           ; out              ;
; |Bai_3|Nbuff_3~31                                           ; |Bai_3|Nbuff_3~31                                           ; out              ;
; |Bai_3|data[2]~reg0                                         ; |Bai_3|data[2]~reg0                                         ; regout           ;
; |Bai_3|data[1]~reg0                                         ; |Bai_3|data[1]~reg0                                         ; regout           ;
; |Bai_3|Nbuff_4~16                                           ; |Bai_3|Nbuff_4~16                                           ; out              ;
; |Bai_3|Nbuff_4~20                                           ; |Bai_3|Nbuff_4~20                                           ; out              ;
; |Bai_3|Nbuff_4~21                                           ; |Bai_3|Nbuff_4~21                                           ; out              ;
; |Bai_3|Nbuff_4~22                                           ; |Bai_3|Nbuff_4~22                                           ; out              ;
; |Bai_3|Nbuff_4~23                                           ; |Bai_3|Nbuff_4~23                                           ; out              ;
; |Bai_3|data[0]~reg0                                         ; |Bai_3|data[0]~reg0                                         ; regout           ;
; |Bai_3|acc[3]                                               ; |Bai_3|acc[3]                                               ; regout           ;
; |Bai_3|acc[2]                                               ; |Bai_3|acc[2]                                               ; regout           ;
; |Bai_3|cnt_1~9                                              ; |Bai_3|cnt_1~9                                              ; out              ;
; |Bai_3|cnt_1~10                                             ; |Bai_3|cnt_1~10                                             ; out              ;
; |Bai_3|cnt_1~11                                             ; |Bai_3|cnt_1~11                                             ; out              ;
; |Bai_3|acc[1]                                               ; |Bai_3|acc[1]                                               ; regout           ;
; |Bai_3|acc[0]                                               ; |Bai_3|acc[0]                                               ; regout           ;
; |Bai_3|pinout_2                                             ; |Bai_3|pinout_2                                             ; regout           ;
; |Bai_3|f_full~1                                             ; |Bai_3|f_full~1                                             ; out              ;
; |Bai_3|Nbuff_1[3]                                           ; |Bai_3|Nbuff_1[3]                                           ; regout           ;
; |Bai_3|Nbuff_1[2]                                           ; |Bai_3|Nbuff_1[2]                                           ; regout           ;
; |Bai_3|Nbuff_1[1]                                           ; |Bai_3|Nbuff_1[1]                                           ; regout           ;
; |Bai_3|acc~0                                                ; |Bai_3|acc~0                                                ; out              ;
; |Bai_3|acc~1                                                ; |Bai_3|acc~1                                                ; out              ;
; |Bai_3|acc~2                                                ; |Bai_3|acc~2                                                ; out              ;
; |Bai_3|acc~3                                                ; |Bai_3|acc~3                                                ; out              ;
; |Bai_3|acc~4                                                ; |Bai_3|acc~4                                                ; out              ;
; |Bai_3|acc~5                                                ; |Bai_3|acc~5                                                ; out              ;
; |Bai_3|acc~6                                                ; |Bai_3|acc~6                                                ; out              ;
; |Bai_3|Dir~reg0                                             ; |Bai_3|Dir~reg0                                             ; regout           ;
; |Bai_3|Pulse~0                                              ; |Bai_3|Pulse~0                                              ; out0             ;
; |Bai_3|Pulse~1                                              ; |Bai_3|Pulse~1                                              ; out0             ;
; |Bai_3|Nbuff_2[7]                                           ; |Bai_3|Nbuff_2[7]                                           ; regout           ;
; |Bai_3|Nbuff_3[0]                                           ; |Bai_3|Nbuff_3[0]                                           ; regout           ;
; |Bai_3|Nbuff_3[1]                                           ; |Bai_3|Nbuff_3[1]                                           ; regout           ;
; |Bai_3|Nbuff_3[2]                                           ; |Bai_3|Nbuff_3[2]                                           ; regout           ;
; |Bai_3|Nbuff_3[3]                                           ; |Bai_3|Nbuff_3[3]                                           ; regout           ;
; |Bai_3|Nbuff_3[7]                                           ; |Bai_3|Nbuff_3[7]                                           ; regout           ;
; |Bai_3|f_full~reg0                                          ; |Bai_3|f_full~reg0                                          ; regout           ;
; |Bai_3|Nbuff_4[0]                                           ; |Bai_3|Nbuff_4[0]                                           ; regout           ;
; |Bai_3|Nbuff_4[1]                                           ; |Bai_3|Nbuff_4[1]                                           ; regout           ;
; |Bai_3|Nbuff_4[2]                                           ; |Bai_3|Nbuff_4[2]                                           ; regout           ;
; |Bai_3|Nbuff_4[3]                                           ; |Bai_3|Nbuff_4[3]                                           ; regout           ;
; |Bai_3|Nbuff_4[7]                                           ; |Bai_3|Nbuff_4[7]                                           ; regout           ;
; |Bai_3|cnt_1[0]                                             ; |Bai_3|cnt_1[0]                                             ; regout           ;
; |Bai_3|cnt_1[1]                                             ; |Bai_3|cnt_1[1]                                             ; regout           ;
; |Bai_3|cnt_1[2]                                             ; |Bai_3|cnt_1[2]                                             ; regout           ;
; |Bai_3|pre_flag_T                                           ; |Bai_3|pre_flag_T                                           ; regout           ;
; |Bai_3|pre_WR                                               ; |Bai_3|pre_WR                                               ; regout           ;
; |Bai_3|clk                                                  ; |Bai_3|clk                                                  ; out              ;
; |Bai_3|clk_1                                                ; |Bai_3|clk_1                                                ; pin_out          ;
; |Bai_3|WR                                                   ; |Bai_3|WR                                                   ; out              ;
; |Bai_3|D[0]                                                 ; |Bai_3|D[0]                                                 ; out              ;
; |Bai_3|D[1]                                                 ; |Bai_3|D[1]                                                 ; out              ;
; |Bai_3|D[2]                                                 ; |Bai_3|D[2]                                                 ; out              ;
; |Bai_3|D[3]                                                 ; |Bai_3|D[3]                                                 ; out              ;
; |Bai_3|D[7]                                                 ; |Bai_3|D[7]                                                 ; out              ;
; |Bai_3|Pulse                                                ; |Bai_3|Pulse                                                ; pin_out          ;
; |Bai_3|f_full                                               ; |Bai_3|f_full                                               ; pin_out          ;
; |Bai_3|flag_T                                               ; |Bai_3|flag_T                                               ; pin_out          ;
; |Bai_3|Dir                                                  ; |Bai_3|Dir                                                  ; pin_out          ;
; |Bai_3|data[0]                                              ; |Bai_3|data[0]                                              ; pin_out          ;
; |Bai_3|data[1]                                              ; |Bai_3|data[1]                                              ; pin_out          ;
; |Bai_3|data[2]                                              ; |Bai_3|data[2]                                              ; pin_out          ;
; |Bai_3|data[3]                                              ; |Bai_3|data[3]                                              ; pin_out          ;
; |Bai_3|data[7]                                              ; |Bai_3|data[7]                                              ; pin_out          ;
; |Bai_3|Decoder0~1                                           ; |Bai_3|Decoder0~1                                           ; out0             ;
; |Bai_3|Decoder0~2                                           ; |Bai_3|Decoder0~2                                           ; out0             ;
; |Bai_3|Decoder0~3                                           ; |Bai_3|Decoder0~3                                           ; out0             ;
; |Bai_3|LessThan0~0                                          ; |Bai_3|LessThan0~0                                          ; out0             ;
; |Bai_3|LessThan0~1                                          ; |Bai_3|LessThan0~1                                          ; out0             ;
; |Bai_3|LessThan0~2                                          ; |Bai_3|LessThan0~2                                          ; out0             ;
; |Bai_3|LessThan0~3                                          ; |Bai_3|LessThan0~3                                          ; out0             ;
; |Bai_3|LessThan0~4                                          ; |Bai_3|LessThan0~4                                          ; out0             ;
; |Bai_3|LessThan0~5                                          ; |Bai_3|LessThan0~5                                          ; out0             ;
; |Bai_3|LessThan0~6                                          ; |Bai_3|LessThan0~6                                          ; out0             ;
; |Bai_3|LessThan0~7                                          ; |Bai_3|LessThan0~7                                          ; out0             ;
; |Bai_3|LessThan1~0                                          ; |Bai_3|LessThan1~0                                          ; out0             ;
; |Bai_3|LessThan1~1                                          ; |Bai_3|LessThan1~1                                          ; out0             ;
; |Bai_3|LessThan1~2                                          ; |Bai_3|LessThan1~2                                          ; out0             ;
; |Bai_3|LessThan2~0                                          ; |Bai_3|LessThan2~0                                          ; out0             ;
; |Bai_3|LessThan2~1                                          ; |Bai_3|LessThan2~1                                          ; out0             ;
; |Bai_3|LessThan2~2                                          ; |Bai_3|LessThan2~2                                          ; out0             ;
; |Bai_3|LessThan2~3                                          ; |Bai_3|LessThan2~3                                          ; out0             ;
; |Bai_3|LessThan2~4                                          ; |Bai_3|LessThan2~4                                          ; out0             ;
; |Bai_3|LessThan2~5                                          ; |Bai_3|LessThan2~5                                          ; out0             ;
; |Bai_3|LessThan2~6                                          ; |Bai_3|LessThan2~6                                          ; out0             ;
; |Bai_3|LessThan2~7                                          ; |Bai_3|LessThan2~7                                          ; out0             ;
; |Bai_3|LessThan2~8                                          ; |Bai_3|LessThan2~8                                          ; out0             ;
; |Bai_3|LessThan2~9                                          ; |Bai_3|LessThan2~9                                          ; out0             ;
; |Bai_3|LessThan2~10                                         ; |Bai_3|LessThan2~10                                         ; out0             ;
; |Bai_3|LessThan2~11                                         ; |Bai_3|LessThan2~11                                         ; out0             ;
; |Bai_3|Add0~0                                               ; |Bai_3|Add0~0                                               ; out0             ;
; |Bai_3|Add0~1                                               ; |Bai_3|Add0~1                                               ; out0             ;
; |Bai_3|Add0~2                                               ; |Bai_3|Add0~2                                               ; out0             ;
; |Bai_3|Add0~3                                               ; |Bai_3|Add0~3                                               ; out0             ;
; |Bai_3|Add0~4                                               ; |Bai_3|Add0~4                                               ; out0             ;
; |Bai_3|Add0~5                                               ; |Bai_3|Add0~5                                               ; out0             ;
; |Bai_3|Add0~6                                               ; |Bai_3|Add0~6                                               ; out0             ;
; |Bai_3|Add0~7                                               ; |Bai_3|Add0~7                                               ; out0             ;
; |Bai_3|Add0~8                                               ; |Bai_3|Add0~8                                               ; out0             ;
; |Bai_3|Add1~0                                               ; |Bai_3|Add1~0                                               ; out0             ;
; |Bai_3|Add1~1                                               ; |Bai_3|Add1~1                                               ; out0             ;
; |Bai_3|Add1~2                                               ; |Bai_3|Add1~2                                               ; out0             ;
; |Bai_3|Add1~3                                               ; |Bai_3|Add1~3                                               ; out0             ;
; |Bai_3|Add1~4                                               ; |Bai_3|Add1~4                                               ; out0             ;
; |Bai_3|Add2~0                                               ; |Bai_3|Add2~0                                               ; out0             ;
; |Bai_3|Add2~1                                               ; |Bai_3|Add2~1                                               ; out0             ;
; |Bai_3|Add2~2                                               ; |Bai_3|Add2~2                                               ; out0             ;
; |Bai_3|Add2~3                                               ; |Bai_3|Add2~3                                               ; out0             ;
; |Bai_3|Add3~0                                               ; |Bai_3|Add3~0                                               ; out0             ;
; |Bai_3|Add3~1                                               ; |Bai_3|Add3~1                                               ; out0             ;
; |Bai_3|Add3~2                                               ; |Bai_3|Add3~2                                               ; out0             ;
; |Bai_3|Add3~3                                               ; |Bai_3|Add3~3                                               ; out0             ;
; |Bai_3|Add3~4                                               ; |Bai_3|Add3~4                                               ; out0             ;
; |Bai_3|Add3~5                                               ; |Bai_3|Add3~5                                               ; out0             ;
; |Bai_3|Add3~6                                               ; |Bai_3|Add3~6                                               ; out0             ;
; |Bai_3|Add3~7                                               ; |Bai_3|Add3~7                                               ; out0             ;
; |Bai_3|Add3~8                                               ; |Bai_3|Add3~8                                               ; out0             ;
; |Bai_3|Add3~9                                               ; |Bai_3|Add3~9                                               ; out0             ;
; |Bai_3|Add3~10                                              ; |Bai_3|Add3~10                                              ; out0             ;
; |Bai_3|Add3~11                                              ; |Bai_3|Add3~11                                              ; out0             ;
; |Bai_3|Add3~12                                              ; |Bai_3|Add3~12                                              ; out0             ;
; |Bai_3|Add3~13                                              ; |Bai_3|Add3~13                                              ; out0             ;
; |Bai_3|Add3~14                                              ; |Bai_3|Add3~14                                              ; out0             ;
; |Bai_3|Add3~15                                              ; |Bai_3|Add3~15                                              ; out0             ;
; |Bai_3|Add3~16                                              ; |Bai_3|Add3~16                                              ; out0             ;
; |Bai_3|Add3~17                                              ; |Bai_3|Add3~17                                              ; out0             ;
; |Bai_3|Add4~0                                               ; |Bai_3|Add4~0                                               ; out0             ;
; |Bai_3|Add4~1                                               ; |Bai_3|Add4~1                                               ; out0             ;
; |Bai_3|Add4~2                                               ; |Bai_3|Add4~2                                               ; out0             ;
; |Bai_3|Add4~3                                               ; |Bai_3|Add4~3                                               ; out0             ;
; |Bai_3|Add4~4                                               ; |Bai_3|Add4~4                                               ; out0             ;
; |Bai_3|Add4~5                                               ; |Bai_3|Add4~5                                               ; out0             ;
; |Bai_3|Add4~6                                               ; |Bai_3|Add4~6                                               ; out0             ;
; |Bai_3|Add4~7                                               ; |Bai_3|Add4~7                                               ; out0             ;
; |Bai_3|Add4~8                                               ; |Bai_3|Add4~8                                               ; out0             ;
; |Bai_3|Add4~9                                               ; |Bai_3|Add4~9                                               ; out0             ;
; |Bai_3|Add4~11                                              ; |Bai_3|Add4~11                                              ; out0             ;
; |Bai_3|Add4~12                                              ; |Bai_3|Add4~12                                              ; out0             ;
; |Bai_3|Add4~14                                              ; |Bai_3|Add4~14                                              ; out0             ;
; |Bai_3|Equal0~0                                             ; |Bai_3|Equal0~0                                             ; out0             ;
; |Bai_3|lpm_mux:Mux0|mux_3nc:auto_generated|_~0              ; |Bai_3|lpm_mux:Mux0|mux_3nc:auto_generated|_~0              ; out0             ;
; |Bai_3|lpm_mux:Mux0|mux_3nc:auto_generated|_~1              ; |Bai_3|lpm_mux:Mux0|mux_3nc:auto_generated|_~1              ; out0             ;
; |Bai_3|lpm_mux:Mux0|mux_3nc:auto_generated|_~2              ; |Bai_3|lpm_mux:Mux0|mux_3nc:auto_generated|_~2              ; out0             ;
; |Bai_3|lpm_mux:Mux0|mux_3nc:auto_generated|_~3              ; |Bai_3|lpm_mux:Mux0|mux_3nc:auto_generated|_~3              ; out0             ;
; |Bai_3|lpm_mux:Mux0|mux_3nc:auto_generated|_~4              ; |Bai_3|lpm_mux:Mux0|mux_3nc:auto_generated|_~4              ; out0             ;
; |Bai_3|lpm_mux:Mux0|mux_3nc:auto_generated|_~5              ; |Bai_3|lpm_mux:Mux0|mux_3nc:auto_generated|_~5              ; out0             ;
; |Bai_3|lpm_mux:Mux0|mux_3nc:auto_generated|_~6              ; |Bai_3|lpm_mux:Mux0|mux_3nc:auto_generated|_~6              ; out0             ;
; |Bai_3|lpm_mux:Mux0|mux_3nc:auto_generated|_~7              ; |Bai_3|lpm_mux:Mux0|mux_3nc:auto_generated|_~7              ; out0             ;
; |Bai_3|lpm_mux:Mux0|mux_3nc:auto_generated|_~8              ; |Bai_3|lpm_mux:Mux0|mux_3nc:auto_generated|_~8              ; out0             ;
; |Bai_3|lpm_mux:Mux0|mux_3nc:auto_generated|_~9              ; |Bai_3|lpm_mux:Mux0|mux_3nc:auto_generated|_~9              ; out0             ;
; |Bai_3|lpm_mux:Mux0|mux_3nc:auto_generated|_~10             ; |Bai_3|lpm_mux:Mux0|mux_3nc:auto_generated|_~10             ; out0             ;
; |Bai_3|lpm_mux:Mux0|mux_3nc:auto_generated|_~11             ; |Bai_3|lpm_mux:Mux0|mux_3nc:auto_generated|_~11             ; out0             ;
; |Bai_3|lpm_mux:Mux0|mux_3nc:auto_generated|_~12             ; |Bai_3|lpm_mux:Mux0|mux_3nc:auto_generated|_~12             ; out0             ;
; |Bai_3|lpm_mux:Mux0|mux_3nc:auto_generated|_~13             ; |Bai_3|lpm_mux:Mux0|mux_3nc:auto_generated|_~13             ; out0             ;
; |Bai_3|lpm_mux:Mux0|mux_3nc:auto_generated|_~14             ; |Bai_3|lpm_mux:Mux0|mux_3nc:auto_generated|_~14             ; out0             ;
; |Bai_3|lpm_mux:Mux0|mux_3nc:auto_generated|_~15             ; |Bai_3|lpm_mux:Mux0|mux_3nc:auto_generated|_~15             ; out0             ;
; |Bai_3|lpm_mux:Mux0|mux_3nc:auto_generated|_~16             ; |Bai_3|lpm_mux:Mux0|mux_3nc:auto_generated|_~16             ; out0             ;
; |Bai_3|lpm_mux:Mux0|mux_3nc:auto_generated|_~17             ; |Bai_3|lpm_mux:Mux0|mux_3nc:auto_generated|_~17             ; out0             ;
; |Bai_3|lpm_mux:Mux0|mux_3nc:auto_generated|_~18             ; |Bai_3|lpm_mux:Mux0|mux_3nc:auto_generated|_~18             ; out0             ;
; |Bai_3|lpm_mux:Mux0|mux_3nc:auto_generated|_~19             ; |Bai_3|lpm_mux:Mux0|mux_3nc:auto_generated|_~19             ; out0             ;
; |Bai_3|lpm_mux:Mux0|mux_3nc:auto_generated|_~20             ; |Bai_3|lpm_mux:Mux0|mux_3nc:auto_generated|_~20             ; out0             ;
; |Bai_3|lpm_mux:Mux0|mux_3nc:auto_generated|result_node[0]~0 ; |Bai_3|lpm_mux:Mux0|mux_3nc:auto_generated|result_node[0]~0 ; out0             ;
; |Bai_3|lpm_mux:Mux0|mux_3nc:auto_generated|_~21             ; |Bai_3|lpm_mux:Mux0|mux_3nc:auto_generated|_~21             ; out0             ;
; |Bai_3|lpm_mux:Mux0|mux_3nc:auto_generated|_~23             ; |Bai_3|lpm_mux:Mux0|mux_3nc:auto_generated|_~23             ; out0             ;
; |Bai_3|lpm_mux:Mux0|mux_3nc:auto_generated|_~24             ; |Bai_3|lpm_mux:Mux0|mux_3nc:auto_generated|_~24             ; out0             ;
; |Bai_3|lpm_mux:Mux0|mux_3nc:auto_generated|_~25             ; |Bai_3|lpm_mux:Mux0|mux_3nc:auto_generated|_~25             ; out0             ;
; |Bai_3|lpm_mux:Mux0|mux_3nc:auto_generated|_~27             ; |Bai_3|lpm_mux:Mux0|mux_3nc:auto_generated|_~27             ; out0             ;
; |Bai_3|lpm_mux:Mux0|mux_3nc:auto_generated|_~28             ; |Bai_3|lpm_mux:Mux0|mux_3nc:auto_generated|_~28             ; out0             ;
; |Bai_3|lpm_mux:Mux0|mux_3nc:auto_generated|_~29             ; |Bai_3|lpm_mux:Mux0|mux_3nc:auto_generated|_~29             ; out0             ;
; |Bai_3|lpm_mux:Mux0|mux_3nc:auto_generated|_~30             ; |Bai_3|lpm_mux:Mux0|mux_3nc:auto_generated|_~30             ; out0             ;
; |Bai_3|lpm_mux:Mux0|mux_3nc:auto_generated|_~32             ; |Bai_3|lpm_mux:Mux0|mux_3nc:auto_generated|_~32             ; out0             ;
; |Bai_3|lpm_mux:Mux0|mux_3nc:auto_generated|_~33             ; |Bai_3|lpm_mux:Mux0|mux_3nc:auto_generated|_~33             ; out0             ;
; |Bai_3|lpm_mux:Mux0|mux_3nc:auto_generated|_~34             ; |Bai_3|lpm_mux:Mux0|mux_3nc:auto_generated|_~34             ; out0             ;
; |Bai_3|lpm_mux:Mux0|mux_3nc:auto_generated|_~36             ; |Bai_3|lpm_mux:Mux0|mux_3nc:auto_generated|_~36             ; out0             ;
; |Bai_3|lpm_mux:Mux0|mux_3nc:auto_generated|_~37             ; |Bai_3|lpm_mux:Mux0|mux_3nc:auto_generated|_~37             ; out0             ;
; |Bai_3|lpm_mux:Mux0|mux_3nc:auto_generated|_~38             ; |Bai_3|lpm_mux:Mux0|mux_3nc:auto_generated|_~38             ; out0             ;
; |Bai_3|lpm_mux:Mux0|mux_3nc:auto_generated|_~39             ; |Bai_3|lpm_mux:Mux0|mux_3nc:auto_generated|_~39             ; out0             ;
; |Bai_3|lpm_mux:Mux0|mux_3nc:auto_generated|_~40             ; |Bai_3|lpm_mux:Mux0|mux_3nc:auto_generated|_~40             ; out0             ;
; |Bai_3|lpm_mux:Mux0|mux_3nc:auto_generated|result_node[0]   ; |Bai_3|lpm_mux:Mux0|mux_3nc:auto_generated|result_node[0]   ; out0             ;
+-------------------------------------------------------------+-------------------------------------------------------------+------------------+


The following table displays output ports that do not toggle to 1 during simulation.
+----------------------------------------------------------------------------------------------------------------------------------------------+
; Missing 1-Value Coverage                                                                                                                     ;
+-------------------------------------------------------------+-------------------------------------------------------------+------------------+
; Node Name                                                   ; Output Port Name                                            ; Output Port Type ;
+-------------------------------------------------------------+-------------------------------------------------------------+------------------+
; |Bai_3|temp_1~0                                             ; |Bai_3|temp_1~0                                             ; out              ;
; |Bai_3|temp_1~1                                             ; |Bai_3|temp_1~1                                             ; out              ;
; |Bai_3|LS_temp~0                                            ; |Bai_3|LS_temp~0                                            ; out              ;
; |Bai_3|cnt_1~1                                              ; |Bai_3|cnt_1~1                                              ; out0             ;
; |Bai_3|Nbuff_4~1                                            ; |Bai_3|Nbuff_4~1                                            ; out              ;
; |Bai_3|Nbuff_4~2                                            ; |Bai_3|Nbuff_4~2                                            ; out              ;
; |Bai_3|Nbuff_4~3                                            ; |Bai_3|Nbuff_4~3                                            ; out              ;
; |Bai_3|Nbuff_3~1                                            ; |Bai_3|Nbuff_3~1                                            ; out              ;
; |Bai_3|Nbuff_3~2                                            ; |Bai_3|Nbuff_3~2                                            ; out              ;
; |Bai_3|Nbuff_3~3                                            ; |Bai_3|Nbuff_3~3                                            ; out              ;
; |Bai_3|Nbuff_2~1                                            ; |Bai_3|Nbuff_2~1                                            ; out              ;
; |Bai_3|Nbuff_2~2                                            ; |Bai_3|Nbuff_2~2                                            ; out              ;
; |Bai_3|Nbuff_2~3                                            ; |Bai_3|Nbuff_2~3                                            ; out              ;
; |Bai_3|Nbuff_1~1                                            ; |Bai_3|Nbuff_1~1                                            ; out              ;
; |Bai_3|Nbuff_1~2                                            ; |Bai_3|Nbuff_1~2                                            ; out              ;
; |Bai_3|Nbuff_1~3                                            ; |Bai_3|Nbuff_1~3                                            ; out              ;
; |Bai_3|Nbuff_1~7                                            ; |Bai_3|Nbuff_1~7                                            ; out              ;
; |Bai_3|Nbuff_4~9                                            ; |Bai_3|Nbuff_4~9                                            ; out              ;
; |Bai_3|Nbuff_4~10                                           ; |Bai_3|Nbuff_4~10                                           ; out              ;
; |Bai_3|Nbuff_4~11                                           ; |Bai_3|Nbuff_4~11                                           ; out              ;
; |Bai_3|Nbuff_3~9                                            ; |Bai_3|Nbuff_3~9                                            ; out              ;
; |Bai_3|Nbuff_3~10                                           ; |Bai_3|Nbuff_3~10                                           ; out              ;
; |Bai_3|Nbuff_3~11                                           ; |Bai_3|Nbuff_3~11                                           ; out              ;
; |Bai_3|Nbuff_2~9                                            ; |Bai_3|Nbuff_2~9                                            ; out              ;
; |Bai_3|Nbuff_2~10                                           ; |Bai_3|Nbuff_2~10                                           ; out              ;
; |Bai_3|Nbuff_2~11                                           ; |Bai_3|Nbuff_2~11                                           ; out              ;
; |Bai_3|temp_1[6]                                            ; |Bai_3|temp_1[6]                                            ; regout           ;
; |Bai_3|temp_1[7]                                            ; |Bai_3|temp_1[7]                                            ; regout           ;
; |Bai_3|Nbuff_1~9                                            ; |Bai_3|Nbuff_1~9                                            ; out              ;
; |Bai_3|Nbuff_1~10                                           ; |Bai_3|Nbuff_1~10                                           ; out              ;
; |Bai_3|Nbuff_1~11                                           ; |Bai_3|Nbuff_1~11                                           ; out              ;
; |Bai_3|always2~3                                            ; |Bai_3|always2~3                                            ; out0             ;
; |Bai_3|Nbuff_1[6]                                           ; |Bai_3|Nbuff_1[6]                                           ; regout           ;
; |Bai_3|Nbuff_1[5]                                           ; |Bai_3|Nbuff_1[5]                                           ; regout           ;
; |Bai_3|Nbuff_1[4]                                           ; |Bai_3|Nbuff_1[4]                                           ; regout           ;
; |Bai_3|data~1                                               ; |Bai_3|data~1                                               ; out              ;
; |Bai_3|data~2                                               ; |Bai_3|data~2                                               ; out              ;
; |Bai_3|data~3                                               ; |Bai_3|data~3                                               ; out              ;
; |Bai_3|Nbuff_1~17                                           ; |Bai_3|Nbuff_1~17                                           ; out              ;
; |Bai_3|Nbuff_1~18                                           ; |Bai_3|Nbuff_1~18                                           ; out              ;
; |Bai_3|Nbuff_1~19                                           ; |Bai_3|Nbuff_1~19                                           ; out              ;
; |Bai_3|Nbuff_2~17                                           ; |Bai_3|Nbuff_2~17                                           ; out              ;
; |Bai_3|Nbuff_2~18                                           ; |Bai_3|Nbuff_2~18                                           ; out              ;
; |Bai_3|Nbuff_2~19                                           ; |Bai_3|Nbuff_2~19                                           ; out              ;
; |Bai_3|Nbuff_3~17                                           ; |Bai_3|Nbuff_3~17                                           ; out              ;
; |Bai_3|Nbuff_3~18                                           ; |Bai_3|Nbuff_3~18                                           ; out              ;
; |Bai_3|Nbuff_3~19                                           ; |Bai_3|Nbuff_3~19                                           ; out              ;
; |Bai_3|LS_temp~1                                            ; |Bai_3|LS_temp~1                                            ; out              ;
; |Bai_3|Nbuff_1~25                                           ; |Bai_3|Nbuff_1~25                                           ; out              ;
; |Bai_3|Nbuff_1~26                                           ; |Bai_3|Nbuff_1~26                                           ; out              ;
; |Bai_3|Nbuff_1~27                                           ; |Bai_3|Nbuff_1~27                                           ; out              ;
; |Bai_3|data[6]~reg0                                         ; |Bai_3|data[6]~reg0                                         ; regout           ;
; |Bai_3|data[5]~reg0                                         ; |Bai_3|data[5]~reg0                                         ; regout           ;
; |Bai_3|Nbuff_2~25                                           ; |Bai_3|Nbuff_2~25                                           ; out              ;
; |Bai_3|Nbuff_2~26                                           ; |Bai_3|Nbuff_2~26                                           ; out              ;
; |Bai_3|Nbuff_2~27                                           ; |Bai_3|Nbuff_2~27                                           ; out              ;
; |Bai_3|data[4]~reg0                                         ; |Bai_3|data[4]~reg0                                         ; regout           ;
; |Bai_3|Nbuff_3~25                                           ; |Bai_3|Nbuff_3~25                                           ; out              ;
; |Bai_3|Nbuff_3~26                                           ; |Bai_3|Nbuff_3~26                                           ; out              ;
; |Bai_3|Nbuff_3~27                                           ; |Bai_3|Nbuff_3~27                                           ; out              ;
; |Bai_3|Nbuff_4~17                                           ; |Bai_3|Nbuff_4~17                                           ; out              ;
; |Bai_3|Nbuff_4~18                                           ; |Bai_3|Nbuff_4~18                                           ; out              ;
; |Bai_3|Nbuff_4~19                                           ; |Bai_3|Nbuff_4~19                                           ; out              ;
; |Bai_3|acc[7]                                               ; |Bai_3|acc[7]                                               ; regout           ;
; |Bai_3|acc[6]                                               ; |Bai_3|acc[6]                                               ; regout           ;
; |Bai_3|acc[5]                                               ; |Bai_3|acc[5]                                               ; regout           ;
; |Bai_3|acc[4]                                               ; |Bai_3|acc[4]                                               ; regout           ;
; |Bai_3|LS_temp~2                                            ; |Bai_3|LS_temp~2                                            ; out              ;
; |Bai_3|Nbuff_2[4]                                           ; |Bai_3|Nbuff_2[4]                                           ; regout           ;
; |Bai_3|Nbuff_2[5]                                           ; |Bai_3|Nbuff_2[5]                                           ; regout           ;
; |Bai_3|Nbuff_2[6]                                           ; |Bai_3|Nbuff_2[6]                                           ; regout           ;
; |Bai_3|Nbuff_3[4]                                           ; |Bai_3|Nbuff_3[4]                                           ; regout           ;
; |Bai_3|Nbuff_3[5]                                           ; |Bai_3|Nbuff_3[5]                                           ; regout           ;
; |Bai_3|Nbuff_3[6]                                           ; |Bai_3|Nbuff_3[6]                                           ; regout           ;
; |Bai_3|Nbuff_4[4]                                           ; |Bai_3|Nbuff_4[4]                                           ; regout           ;
; |Bai_3|Nbuff_4[5]                                           ; |Bai_3|Nbuff_4[5]                                           ; regout           ;
; |Bai_3|Nbuff_4[6]                                           ; |Bai_3|Nbuff_4[6]                                           ; regout           ;
; |Bai_3|LS_temp~reg0                                         ; |Bai_3|LS_temp~reg0                                         ; regout           ;
; |Bai_3|D[4]                                                 ; |Bai_3|D[4]                                                 ; out              ;
; |Bai_3|D[5]                                                 ; |Bai_3|D[5]                                                 ; out              ;
; |Bai_3|D[6]                                                 ; |Bai_3|D[6]                                                 ; out              ;
; |Bai_3|LS                                                   ; |Bai_3|LS                                                   ; out              ;
; |Bai_3|data[4]                                              ; |Bai_3|data[4]                                              ; pin_out          ;
; |Bai_3|data[5]                                              ; |Bai_3|data[5]                                              ; pin_out          ;
; |Bai_3|data[6]                                              ; |Bai_3|data[6]                                              ; pin_out          ;
; |Bai_3|LS_temp                                              ; |Bai_3|LS_temp                                              ; pin_out          ;
; |Bai_3|Decoder0~0                                           ; |Bai_3|Decoder0~0                                           ; out0             ;
; |Bai_3|Add0~9                                               ; |Bai_3|Add0~9                                               ; out0             ;
; |Bai_3|Add0~10                                              ; |Bai_3|Add0~10                                              ; out0             ;
; |Bai_3|Add0~11                                              ; |Bai_3|Add0~11                                              ; out0             ;
; |Bai_3|Add0~12                                              ; |Bai_3|Add0~12                                              ; out0             ;
; |Bai_3|Add3~18                                              ; |Bai_3|Add3~18                                              ; out0             ;
; |Bai_3|Add3~19                                              ; |Bai_3|Add3~19                                              ; out0             ;
; |Bai_3|Add3~20                                              ; |Bai_3|Add3~20                                              ; out0             ;
; |Bai_3|Add3~21                                              ; |Bai_3|Add3~21                                              ; out0             ;
; |Bai_3|Add3~22                                              ; |Bai_3|Add3~22                                              ; out0             ;
; |Bai_3|Add3~23                                              ; |Bai_3|Add3~23                                              ; out0             ;
; |Bai_3|Add3~24                                              ; |Bai_3|Add3~24                                              ; out0             ;
; |Bai_3|Add3~25                                              ; |Bai_3|Add3~25                                              ; out0             ;
; |Bai_3|Add3~26                                              ; |Bai_3|Add3~26                                              ; out0             ;
; |Bai_3|Add3~27                                              ; |Bai_3|Add3~27                                              ; out0             ;
; |Bai_3|Add3~28                                              ; |Bai_3|Add3~28                                              ; out0             ;
; |Bai_3|Add3~29                                              ; |Bai_3|Add3~29                                              ; out0             ;
; |Bai_3|Add3~30                                              ; |Bai_3|Add3~30                                              ; out0             ;
; |Bai_3|Add3~31                                              ; |Bai_3|Add3~31                                              ; out0             ;
; |Bai_3|Add3~32                                              ; |Bai_3|Add3~32                                              ; out0             ;
; |Bai_3|Add4~10                                              ; |Bai_3|Add4~10                                              ; out0             ;
; |Bai_3|Add4~13                                              ; |Bai_3|Add4~13                                              ; out0             ;
; |Bai_3|lpm_mux:Mux0|mux_3nc:auto_generated|_~22             ; |Bai_3|lpm_mux:Mux0|mux_3nc:auto_generated|_~22             ; out0             ;
; |Bai_3|lpm_mux:Mux0|mux_3nc:auto_generated|_~26             ; |Bai_3|lpm_mux:Mux0|mux_3nc:auto_generated|_~26             ; out0             ;
; |Bai_3|lpm_mux:Mux0|mux_3nc:auto_generated|_~31             ; |Bai_3|lpm_mux:Mux0|mux_3nc:auto_generated|_~31             ; out0             ;
; |Bai_3|lpm_mux:Mux0|mux_3nc:auto_generated|_~35             ; |Bai_3|lpm_mux:Mux0|mux_3nc:auto_generated|_~35             ; out0             ;
; |Bai_3|lpm_mux:Mux0|mux_3nc:auto_generated|_~41             ; |Bai_3|lpm_mux:Mux0|mux_3nc:auto_generated|_~41             ; out0             ;
; |Bai_3|lpm_mux:Mux0|mux_3nc:auto_generated|_~42             ; |Bai_3|lpm_mux:Mux0|mux_3nc:auto_generated|_~42             ; out0             ;
; |Bai_3|lpm_mux:Mux0|mux_3nc:auto_generated|result_node[0]~1 ; |Bai_3|lpm_mux:Mux0|mux_3nc:auto_generated|result_node[0]~1 ; out0             ;
+-------------------------------------------------------------+-------------------------------------------------------------+------------------+


The following table displays output ports that do not toggle to 0 during simulation.
+----------------------------------------------------------------------------------------------------------------------------------------------+
; Missing 0-Value Coverage                                                                                                                     ;
+-------------------------------------------------------------+-------------------------------------------------------------+------------------+
; Node Name                                                   ; Output Port Name                                            ; Output Port Type ;
+-------------------------------------------------------------+-------------------------------------------------------------+------------------+
; |Bai_3|temp_1~0                                             ; |Bai_3|temp_1~0                                             ; out              ;
; |Bai_3|temp_1~1                                             ; |Bai_3|temp_1~1                                             ; out              ;
; |Bai_3|LS_temp~0                                            ; |Bai_3|LS_temp~0                                            ; out              ;
; |Bai_3|Nbuff_4~1                                            ; |Bai_3|Nbuff_4~1                                            ; out              ;
; |Bai_3|Nbuff_4~2                                            ; |Bai_3|Nbuff_4~2                                            ; out              ;
; |Bai_3|Nbuff_4~3                                            ; |Bai_3|Nbuff_4~3                                            ; out              ;
; |Bai_3|Nbuff_3~1                                            ; |Bai_3|Nbuff_3~1                                            ; out              ;
; |Bai_3|Nbuff_3~2                                            ; |Bai_3|Nbuff_3~2                                            ; out              ;
; |Bai_3|Nbuff_3~3                                            ; |Bai_3|Nbuff_3~3                                            ; out              ;
; |Bai_3|Nbuff_2~1                                            ; |Bai_3|Nbuff_2~1                                            ; out              ;
; |Bai_3|Nbuff_2~2                                            ; |Bai_3|Nbuff_2~2                                            ; out              ;
; |Bai_3|Nbuff_2~3                                            ; |Bai_3|Nbuff_2~3                                            ; out              ;
; |Bai_3|Nbuff_1~1                                            ; |Bai_3|Nbuff_1~1                                            ; out              ;
; |Bai_3|Nbuff_1~2                                            ; |Bai_3|Nbuff_1~2                                            ; out              ;
; |Bai_3|Nbuff_1~3                                            ; |Bai_3|Nbuff_1~3                                            ; out              ;
; |Bai_3|Nbuff_4~9                                            ; |Bai_3|Nbuff_4~9                                            ; out              ;
; |Bai_3|Nbuff_4~10                                           ; |Bai_3|Nbuff_4~10                                           ; out              ;
; |Bai_3|Nbuff_4~11                                           ; |Bai_3|Nbuff_4~11                                           ; out              ;
; |Bai_3|Nbuff_3~9                                            ; |Bai_3|Nbuff_3~9                                            ; out              ;
; |Bai_3|Nbuff_3~10                                           ; |Bai_3|Nbuff_3~10                                           ; out              ;
; |Bai_3|Nbuff_3~11                                           ; |Bai_3|Nbuff_3~11                                           ; out              ;
; |Bai_3|Nbuff_2~9                                            ; |Bai_3|Nbuff_2~9                                            ; out              ;
; |Bai_3|Nbuff_2~10                                           ; |Bai_3|Nbuff_2~10                                           ; out              ;
; |Bai_3|Nbuff_2~11                                           ; |Bai_3|Nbuff_2~11                                           ; out              ;
; |Bai_3|temp_1[6]                                            ; |Bai_3|temp_1[6]                                            ; regout           ;
; |Bai_3|temp_1[7]                                            ; |Bai_3|temp_1[7]                                            ; regout           ;
; |Bai_3|Nbuff_1~9                                            ; |Bai_3|Nbuff_1~9                                            ; out              ;
; |Bai_3|Nbuff_1~10                                           ; |Bai_3|Nbuff_1~10                                           ; out              ;
; |Bai_3|Nbuff_1~11                                           ; |Bai_3|Nbuff_1~11                                           ; out              ;
; |Bai_3|always2~3                                            ; |Bai_3|always2~3                                            ; out0             ;
; |Bai_3|Nbuff_1[6]                                           ; |Bai_3|Nbuff_1[6]                                           ; regout           ;
; |Bai_3|Nbuff_1[5]                                           ; |Bai_3|Nbuff_1[5]                                           ; regout           ;
; |Bai_3|Nbuff_1[4]                                           ; |Bai_3|Nbuff_1[4]                                           ; regout           ;
; |Bai_3|data~1                                               ; |Bai_3|data~1                                               ; out              ;
; |Bai_3|data~2                                               ; |Bai_3|data~2                                               ; out              ;
; |Bai_3|data~3                                               ; |Bai_3|data~3                                               ; out              ;
; |Bai_3|Nbuff_1~17                                           ; |Bai_3|Nbuff_1~17                                           ; out              ;
; |Bai_3|Nbuff_1~18                                           ; |Bai_3|Nbuff_1~18                                           ; out              ;
; |Bai_3|Nbuff_1~19                                           ; |Bai_3|Nbuff_1~19                                           ; out              ;
; |Bai_3|Nbuff_2~17                                           ; |Bai_3|Nbuff_2~17                                           ; out              ;
; |Bai_3|Nbuff_2~18                                           ; |Bai_3|Nbuff_2~18                                           ; out              ;
; |Bai_3|Nbuff_2~19                                           ; |Bai_3|Nbuff_2~19                                           ; out              ;
; |Bai_3|Nbuff_3~17                                           ; |Bai_3|Nbuff_3~17                                           ; out              ;
; |Bai_3|Nbuff_3~18                                           ; |Bai_3|Nbuff_3~18                                           ; out              ;
; |Bai_3|Nbuff_3~19                                           ; |Bai_3|Nbuff_3~19                                           ; out              ;
; |Bai_3|LS_temp~1                                            ; |Bai_3|LS_temp~1                                            ; out              ;
; |Bai_3|pinout_1                                             ; |Bai_3|pinout_1                                             ; regout           ;
; |Bai_3|Nbuff_1~25                                           ; |Bai_3|Nbuff_1~25                                           ; out              ;
; |Bai_3|Nbuff_1~26                                           ; |Bai_3|Nbuff_1~26                                           ; out              ;
; |Bai_3|Nbuff_1~27                                           ; |Bai_3|Nbuff_1~27                                           ; out              ;
; |Bai_3|data[6]~reg0                                         ; |Bai_3|data[6]~reg0                                         ; regout           ;
; |Bai_3|data[5]~reg0                                         ; |Bai_3|data[5]~reg0                                         ; regout           ;
; |Bai_3|Nbuff_2~25                                           ; |Bai_3|Nbuff_2~25                                           ; out              ;
; |Bai_3|Nbuff_2~26                                           ; |Bai_3|Nbuff_2~26                                           ; out              ;
; |Bai_3|Nbuff_2~27                                           ; |Bai_3|Nbuff_2~27                                           ; out              ;
; |Bai_3|data[4]~reg0                                         ; |Bai_3|data[4]~reg0                                         ; regout           ;
; |Bai_3|Nbuff_3~25                                           ; |Bai_3|Nbuff_3~25                                           ; out              ;
; |Bai_3|Nbuff_3~26                                           ; |Bai_3|Nbuff_3~26                                           ; out              ;
; |Bai_3|Nbuff_3~27                                           ; |Bai_3|Nbuff_3~27                                           ; out              ;
; |Bai_3|Nbuff_4~17                                           ; |Bai_3|Nbuff_4~17                                           ; out              ;
; |Bai_3|Nbuff_4~18                                           ; |Bai_3|Nbuff_4~18                                           ; out              ;
; |Bai_3|Nbuff_4~19                                           ; |Bai_3|Nbuff_4~19                                           ; out              ;
; |Bai_3|acc[7]                                               ; |Bai_3|acc[7]                                               ; regout           ;
; |Bai_3|acc[6]                                               ; |Bai_3|acc[6]                                               ; regout           ;
; |Bai_3|acc[5]                                               ; |Bai_3|acc[5]                                               ; regout           ;
; |Bai_3|acc[4]                                               ; |Bai_3|acc[4]                                               ; regout           ;
; |Bai_3|LS_temp~2                                            ; |Bai_3|LS_temp~2                                            ; out              ;
; |Bai_3|Nbuff_2[4]                                           ; |Bai_3|Nbuff_2[4]                                           ; regout           ;
; |Bai_3|Nbuff_2[5]                                           ; |Bai_3|Nbuff_2[5]                                           ; regout           ;
; |Bai_3|Nbuff_2[6]                                           ; |Bai_3|Nbuff_2[6]                                           ; regout           ;
; |Bai_3|Nbuff_3[4]                                           ; |Bai_3|Nbuff_3[4]                                           ; regout           ;
; |Bai_3|Nbuff_3[5]                                           ; |Bai_3|Nbuff_3[5]                                           ; regout           ;
; |Bai_3|Nbuff_3[6]                                           ; |Bai_3|Nbuff_3[6]                                           ; regout           ;
; |Bai_3|Nbuff_4[4]                                           ; |Bai_3|Nbuff_4[4]                                           ; regout           ;
; |Bai_3|Nbuff_4[5]                                           ; |Bai_3|Nbuff_4[5]                                           ; regout           ;
; |Bai_3|Nbuff_4[6]                                           ; |Bai_3|Nbuff_4[6]                                           ; regout           ;
; |Bai_3|LS_temp~reg0                                         ; |Bai_3|LS_temp~reg0                                         ; regout           ;
; |Bai_3|D[4]                                                 ; |Bai_3|D[4]                                                 ; out              ;
; |Bai_3|D[5]                                                 ; |Bai_3|D[5]                                                 ; out              ;
; |Bai_3|D[6]                                                 ; |Bai_3|D[6]                                                 ; out              ;
; |Bai_3|LS                                                   ; |Bai_3|LS                                                   ; out              ;
; |Bai_3|data[4]                                              ; |Bai_3|data[4]                                              ; pin_out          ;
; |Bai_3|data[5]                                              ; |Bai_3|data[5]                                              ; pin_out          ;
; |Bai_3|data[6]                                              ; |Bai_3|data[6]                                              ; pin_out          ;
; |Bai_3|LS_temp                                              ; |Bai_3|LS_temp                                              ; pin_out          ;
; |Bai_3|Add0~9                                               ; |Bai_3|Add0~9                                               ; out0             ;
; |Bai_3|Add0~10                                              ; |Bai_3|Add0~10                                              ; out0             ;
; |Bai_3|Add0~11                                              ; |Bai_3|Add0~11                                              ; out0             ;
; |Bai_3|Add0~12                                              ; |Bai_3|Add0~12                                              ; out0             ;
; |Bai_3|Add3~18                                              ; |Bai_3|Add3~18                                              ; out0             ;
; |Bai_3|Add3~19                                              ; |Bai_3|Add3~19                                              ; out0             ;
; |Bai_3|Add3~20                                              ; |Bai_3|Add3~20                                              ; out0             ;
; |Bai_3|Add3~21                                              ; |Bai_3|Add3~21                                              ; out0             ;
; |Bai_3|Add3~22                                              ; |Bai_3|Add3~22                                              ; out0             ;
; |Bai_3|Add3~23                                              ; |Bai_3|Add3~23                                              ; out0             ;
; |Bai_3|Add3~24                                              ; |Bai_3|Add3~24                                              ; out0             ;
; |Bai_3|Add3~25                                              ; |Bai_3|Add3~25                                              ; out0             ;
; |Bai_3|Add3~26                                              ; |Bai_3|Add3~26                                              ; out0             ;
; |Bai_3|Add3~27                                              ; |Bai_3|Add3~27                                              ; out0             ;
; |Bai_3|Add3~28                                              ; |Bai_3|Add3~28                                              ; out0             ;
; |Bai_3|Add3~29                                              ; |Bai_3|Add3~29                                              ; out0             ;
; |Bai_3|Add3~30                                              ; |Bai_3|Add3~30                                              ; out0             ;
; |Bai_3|Add3~31                                              ; |Bai_3|Add3~31                                              ; out0             ;
; |Bai_3|Add3~32                                              ; |Bai_3|Add3~32                                              ; out0             ;
; |Bai_3|Add4~10                                              ; |Bai_3|Add4~10                                              ; out0             ;
; |Bai_3|Add4~13                                              ; |Bai_3|Add4~13                                              ; out0             ;
; |Bai_3|lpm_mux:Mux0|mux_3nc:auto_generated|_~22             ; |Bai_3|lpm_mux:Mux0|mux_3nc:auto_generated|_~22             ; out0             ;
; |Bai_3|lpm_mux:Mux0|mux_3nc:auto_generated|_~26             ; |Bai_3|lpm_mux:Mux0|mux_3nc:auto_generated|_~26             ; out0             ;
; |Bai_3|lpm_mux:Mux0|mux_3nc:auto_generated|_~31             ; |Bai_3|lpm_mux:Mux0|mux_3nc:auto_generated|_~31             ; out0             ;
; |Bai_3|lpm_mux:Mux0|mux_3nc:auto_generated|_~35             ; |Bai_3|lpm_mux:Mux0|mux_3nc:auto_generated|_~35             ; out0             ;
; |Bai_3|lpm_mux:Mux0|mux_3nc:auto_generated|_~41             ; |Bai_3|lpm_mux:Mux0|mux_3nc:auto_generated|_~41             ; out0             ;
; |Bai_3|lpm_mux:Mux0|mux_3nc:auto_generated|_~42             ; |Bai_3|lpm_mux:Mux0|mux_3nc:auto_generated|_~42             ; out0             ;
; |Bai_3|lpm_mux:Mux0|mux_3nc:auto_generated|result_node[0]~1 ; |Bai_3|lpm_mux:Mux0|mux_3nc:auto_generated|result_node[0]~1 ; out0             ;
+-------------------------------------------------------------+-------------------------------------------------------------+------------------+


+---------------------+
; Simulator INI Usage ;
+--------+------------+
; Option ; Usage      ;
+--------+------------+


+--------------------+
; Simulator Messages ;
+--------------------+
Info: *******************************************************************
Info: Running Quartus II 64-Bit Simulator
    Info: Version 13.0.1 Build 232 06/12/2013 Service Pack 1 SJ Web Edition
    Info: Processing started: Tue Nov 01 08:54:02 2022
Info: Command: quartus_sim --simulation_results_format=VWF Bai_3 -c Bai_3
Info (324025): Using vector source file "D:/Project_HTDK_Nhung/Bai_3_Chuong_3/Waveform.vwf"
Info (310003): Option to preserve fewer signal transitions to reduce memory requirements is enabled
    Info (310004): Simulation has been partitioned into sub-simulations according to the maximum transition count determined by the engine. Transitions from memory will be flushed out to disk at the end of each sub-simulation to reduce memory requirements.
Info (310002): Simulation partitioned into 1 sub-simulations
Info (328053): Simulation coverage is      71.71 %
Info (328052): Number of transitions in simulation is 126805
Info (324045): Vector file Bai_3.sim.vwf is saved in VWF text format. You can compress it into CVWF format in order to reduce file size. For more details please refer to the Quartus II Help.
Info: Quartus II 64-Bit Simulator was successful. 0 errors, 0 warnings
    Info: Peak virtual memory: 4440 megabytes
    Info: Processing ended: Tue Nov 01 08:54:03 2022
    Info: Elapsed time: 00:00:01
    Info: Total CPU time (on all processors): 00:00:01


